<?xml version="1.0" encoding="UTF-8"?>
<!-- Generated by org.testng.reporters.JUnitXMLReporter -->
<testsuite hostname="DESKTOP-ADGCHK6" ignored="4" name="Test" tests="4" failures="0" timestamp="2023-03-21T18:42:41 IST" time="57.622" errors="0">
  <testcase name="Br" time="9.541" classname="com.ebanking.master.BranchNg"/>
  <testcase name="Rol" time="13.33" classname="com.ebanking.master.RoleNg"/>
  <testcase name="Rol" time="13.747" classname="com.ebanking.master.RoleNg"/>
  <testcase name="Rol" time="13.751" classname="com.ebanking.master.RoleNg"/>
  <testcase name="@BeforeSuite beforeSuite" time="0.0" classname="com.ebanking.master.Base">
    <ignored/>
  </testcase> <!-- @BeforeSuite beforeSuite -->
  <testcase name="@AfterSuite afterSuite" time="0.0" classname="com.ebanking.master.Base">
    <ignored/>
  </testcase> <!-- @AfterSuite afterSuite -->
  <testcase name="@BeforeTest beforeTest" time="0.0" classname="com.ebanking.master.Base">
    <ignored/>
  </testcase> <!-- @BeforeTest beforeTest -->
  <testcase name="@AfterTest afterTest" time="0.0" classname="com.ebanking.master.Base">
    <ignored/>
  </testcase> <!-- @AfterTest afterTest -->
</testsuite> <!-- Test -->
