<?xml version="1.0" encoding="UTF-8"?>
<testng-results skipped="0" failed="0" ignored="0" total="2" passed="2">
  <reporter-output>
  </reporter-output>
  <suite name="Suite" duration-ms="27693" started-at="2023-04-03T18:26:40 IST" finished-at="2023-04-03T18:27:08 IST">
    <groups>
    </groups>
    <test name="On chrome" duration-ms="24745" started-at="2023-04-03T18:26:40 IST" finished-at="2023-04-03T18:27:05 IST">
      <class name="com.ebanking.master.Sgrid">
        <test-method status="PASS" signature="Gd(java.lang.String)[pri:0, instance:com.ebanking.master.Sgrid@6b57696f]" name="Gd" duration-ms="24669" started-at="2023-04-03T18:26:40 IST" finished-at="2023-04-03T18:27:05 IST">
          <params>
            <param index="0">
              <value>
                <![CDATA[chrome]]>
              </value>
            </param>
          </params>
          <reporter-output>
          </reporter-output>
        </test-method> <!-- Gd -->
      </class> <!-- com.ebanking.master.Sgrid -->
    </test> <!-- On chrome -->
    <test name="On firefox" duration-ms="27693" started-at="2023-04-03T18:26:40 IST" finished-at="2023-04-03T18:27:08 IST">
      <class name="com.ebanking.master.Sgrid">
        <test-method status="PASS" signature="Gd(java.lang.String)[pri:0, instance:com.ebanking.master.Sgrid@3b088d51]" name="Gd" duration-ms="27626" started-at="2023-04-03T18:26:40 IST" finished-at="2023-04-03T18:27:08 IST">
          <params>
            <param index="0">
              <value>
                <![CDATA[firefox]]>
              </value>
            </param>
          </params>
          <reporter-output>
          </reporter-output>
        </test-method> <!-- Gd -->
      </class> <!-- com.ebanking.master.Sgrid -->
    </test> <!-- On firefox -->
  </suite> <!-- Suite -->
</testng-results>
